
VisualSFM 3D reconstruction, begin...
Searching images in the specified folder
0: 231324584066623501
image_size:	1280x960
1: 68017286117430709
image_size:	1280x960
2: 785808361336992956
image_size:	1280x960
3: 809837938793484833
image_size:	1280x960
4: 835686161018766364
image_size:	1280x960
5: 853465454389220839
image_size:	1280x960
Loading image pixel data ...done in 0s
Compute all missing matches
********* WARNING ***********
More than 450MB of graphic memory may be allocated
under the default settings. If the program halts here,
adjust parameters to save memory and rerun the task: 
    [Tools->Enable GPU->Set Maximum DIM]
Note some octaves may be automatically skipped
SIFT: 0000, 1280x960, 	4169, 1.88sec
SIFT: 0001, 1280x960, 	4863, 0.19sec
SIFT: 0002, 1280x960, 	10475, 0.27sec
SIFT: 0003, 1280x960, 	3800, 0.17sec
SIFT: 0004, 1280x960, 	4055, 0.18sec
SIFT: 0005, 1280x960, 	6210, 0.20sec

###########-------timing------#########
6 Feature Detection finished, 3 sec used
#############################

15 pairs to compute match
NOTE: using 2 matching workers
0001 and 0002: 48 matches, 0.26sec, #1
0001 and 0002: [15/48], H[5], 0.06sec
0000 and 0003: 36 matches, 0.07sec, #1
0000 and 0001: 955 matches, 0.42sec, #0
0000 and 0001: [918/955], H[851], 0.01sec
0000 and 0003: [13/36], H[6], 0.07sec
0001 and 0003: 25 matches, 0.09sec, #1
0001 and 0003: [10/25], H[0], 0.05sec
0000 and 0002: 39 matches, 0.38sec, #0
0002 and 0003: 22 matches, 0.17sec, #1
0000 and 0002: [12/39], H[4], 0.10sec
0000 and 0004: 47 matches, 0.10sec, #1
0000 and 0004: [17/47], H[4], 0.07sec
0003 and 0004: 26 matches, 0.17sec, #0
0001 and 0004: 74 matches, 0.11sec, #1
0001 and 0004: [35/74], H[24], 0.02sec
0003 and 0004: [11/26], H[0], 0.05sec
0002 and 0004: 215 matches, 0.20sec, #1
0002 and 0004: [165/215], H[134], 0.00sec
0000 and 0005: 52 matches, 0.37sec, #0
0002 and 0005: 75 matches, 0.29sec, #1
0002 and 0005: [37/75], H[28], 0.02sec
0000 and 0005: [16/52], H[0], 0.05sec
0003 and 0005: 34 matches, 0.11sec, #1
0003 and 0005: [11/34], H[0], 0.05sec
0004 and 0005: 139 matches, 0.11sec, #1
0004 and 0005: [99/139], H[79], 0.00sec
0001 and 0005: 109 matches, 0.36sec, #0
0001 and 0005: [68/109], H[41], 0.00sec

###########-------timing------#########
15 Image Match finished, 2 sec used
#############################

Save to K:\temp\MeshRecon\results\output.nvm ... done
4 pairs have two-view models
14 pairs have fundamental matrices
Initialize with 835..66364 and 853..20839
Failed to initialize with the chosen pair
Initialize with 231..23501 and 680..30709
918 3D points initialized from two images
PBA library version = 105
PBA: 918 3D pts, 2 cams and 1836 projs...
PBA: 1.268 -> 0.234 (7 LMs in 2.40sec)
Focal Length : [4637.440]->[4403.057]
Focal Length : [4637.440]->[6302.600]

#############################
+3: [853..20839] sees 25 (+43) 3D points
19: too few projection inliers

#############################
+3: [853..20839] sees 25 (+43) 3D points
19: too few projection inliers

#############################
+3: [853..20839] sees 25 (+43) 3D points
18: too few projection inliers
END: No more images to add [0 projs]

#############################
Failed to find two images for initialization
Resuming SfM finished, 0 sec used

---------------------------------------------------
2 cams, 919 pts (3+: 0)
1836 projections (3+: 0)
---------------------------------------------------
1 model(s) reconstructed from 6 images;
2 modeled; 0 reused; 0 EXIF; 
0MB(0) used to store feature location.
---------------------------------------------------

########-------timing------#########
Structure-From-Motion finished, 4 sec used
2.4(2.4) seconds on Bundle Adjustment (+)
2.4(2.4) seconds on Bundle Adjustment (*)
#############################
Save to K:\temp\MeshRecon\results\output.nvm ... done
----------------------------------------------------------------
VisualSFM 3D reconstruction, finished
Totally 9.000 seconds used

__LogFile: K:\temp\MeshRecon\vsfm\log\[15_07_24][16_12_42][603].log
